#
# There is insufficient memory for the Java Runtime Environment to continue.
# Native memory allocation (mmap) failed to map 268435456 bytes for G1 virtual space
# Possible reasons:
#   The system is out of physical RAM or swap space
#   The process is running with CompressedOops enabled, and the Java Heap may be blocking the growth of the native heap
# Possible solutions:
#   Reduce memory load on the system
#   Increase physical memory or swap space
#   Check if swap backing store is full
#   Decrease Java heap size (-Xmx/-Xms)
#   Decrease number of Java threads
#   Decrease Java thread stack sizes (-Xss)
#   Set larger code cache with -XX:ReservedCodeCacheSize=
#   JVM is running with Unscaled Compressed Oops mode in which the Java heap is
#     placed in the first 4GB address space. The Java Heap base address is the
#     maximum limit for the native heap growth. Please use -XX:HeapBaseMinAddress
#     to set the Java Heap base and to place the Java Heap above 4GB virtual address.
# This output file may be truncated or incomplete.
#
#  Out of Memory Error (os_windows.cpp:3466), pid=2652, tid=9480
#
# JRE version:  (16.0.2+7) (build )
# Java VM: Java HotSpot(TM) 64-Bit Server VM (16.0.2+7-67, mixed mode, sharing, tiered, compressed oops, compressed class ptrs, g1 gc, windows-amd64)
# No core dump will be written. Minidumps are not enabled by default on client versions of Windows
#

---------------  S U M M A R Y ------------

Command Line: -Xms256m -Xmx2048m -XX:TieredStopAtLevel=1 -Xverify:none -Dspring.output.ansi.enabled=always -javaagent:C:\JetBrains\IntelliJ IDEA2021\lib\idea_rt.jar=59805:C:\JetBrains\IntelliJ IDEA2021\bin -Dcom.sun.management.jmxremote -Dspring.jmx.enabled=true -Dspring.liveBeansView.mbeanDomain -Dspring.application.admin.enabled=true -Dfile.encoding=UTF-8 com.example.atmmanagementservice.ATMManagementServiceApplication

Host: Intel(R) Core(TM) i5-4210U CPU @ 1.70GHz, 4 cores, 7G,  Windows 10 , 64 bit Build 19041 (10.0.19041.1466)
Time: Fri Feb  4 20:23:25 2022 Iran Standard Time elapsed time: 0.050567 seconds (0d 0h 0m 0s)

---------------  T H R E A D  ---------------

Current thread (0x0000014d672bf720):  JavaThread "Unknown thread" [_thread_in_vm, id=9480, stack(0x00000004a3e00000,0x00000004a3f00000)]

Stack: [0x00000004a3e00000,0x00000004a3f00000]
Native frames: (J=compiled Java code, j=interpreted, Vv=VM code, C=native code)
V  [jvm.dll+0x6681ca]
V  [jvm.dll+0x7c9e69]
V  [jvm.dll+0x7cb61e]
V  [jvm.dll+0x7cbc73]
V  [jvm.dll+0x242c55]
V  [jvm.dll+0x664f89]
V  [jvm.dll+0x659b75]
V  [jvm.dll+0x2fbfbb]
V  [jvm.dll+0x3031b6]
V  [jvm.dll+0x35299e]
V  [jvm.dll+0x352bcf]
V  [jvm.dll+0x2d3028]
V  [jvm.dll+0x2d4264]
V  [jvm.dll+0x79c741]
V  [jvm.dll+0x360791]
V  [jvm.dll+0x77a3f0]
V  [jvm.dll+0x3e4e8f]
V  [jvm.dll+0x3e6961]
C  [jli.dll+0x52fb]
C  [ucrtbase.dll+0x21bb2]
C  [KERNEL32.DLL+0x17034]
C  [ntdll.dll+0x52651]


---------------  P R O C E S S  ---------------

Threads class SMR info:
_java_thread_list=0x00007ffd3beccbb8, length=0, elements={
}

Java Threads: ( => current thread )

Other Threads:
  0x0000014d672fdd00 GCTaskThread "GC Thread#0" [stack: 0x00000004a3f00000,0x00000004a4000000] [id=15616]
  0x0000014d6730fd60 ConcurrentGCThread "G1 Main Marker" [stack: 0x00000004a4000000,0x00000004a4100000] [id=12572]
  0x0000014d67310760 ConcurrentGCThread "G1 Conc#0" [stack: 0x00000004a4100000,0x00000004a4200000] [id=7532]

[error occurred during error reporting (printing all threads), id 0xc0000005, EXCEPTION_ACCESS_VIOLATION (0xc0000005) at pc=0x00007ffd3b6a3ee7]

VM state: not at safepoint (not fully initialized)

VM Mutex/Monitor currently owned by a thread:  ([mutex/lock_event])
[0x0000014d672bd010] Heap_lock - owner thread: 0x0000014d672bf720

Heap address: 0x0000000080000000, size: 2048 MB, Compressed Oops mode: 32-bit

CDS archive(s) mapped at: [0x0000000000000000-0x0000000000000000-0x0000000000000000), size 0, SharedBaseAddress: 0x0000000800000000, ArchiveRelocationMode: 0.
Narrow klass base: 0x0000000000000000, Narrow klass shift: 0, Narrow klass range: 0x0

GC Precious Log:
<Empty>

Heap:
 garbage-first heap   total 0K, used 0K [0x0000000080000000, 0x0000000100000000)
  region size 1024K, 0 young (0K), 0 survivors (0K)

[error occurred during error reporting (printing heap information), id 0xc0000005, EXCEPTION_ACCESS_VIOLATION (0xc0000005) at pc=0x00007ffd3ba81eed]

GC Heap History (0 events):
No events

Deoptimization events (0 events):
No events

Classes unloaded (0 events):
No events

Classes redefined (0 events):
No events

Internal exceptions (0 events):
No events

Events (1 events):
Event: 0.043 Loaded shared library C:\Java\jdk16\bin\java.dll


Dynamic libraries:
0x00007ff7f8c80000 - 0x00007ff7f8c90000 	C:\Java\jdk16\bin\java.exe
0x00007ffdc69f0000 - 0x00007ffdc6be5000 	C:\Windows\SYSTEM32\ntdll.dll
0x00007ffdc5d10000 - 0x00007ffdc5dce000 	C:\Windows\System32\KERNEL32.DLL
0x00007ffdc4230000 - 0x00007ffdc44f8000 	C:\Windows\System32\KERNELBASE.dll
0x00007ffdc4500000 - 0x00007ffdc4600000 	C:\Windows\System32\ucrtbase.dll
0x00007ffd905b0000 - 0x00007ffd905c8000 	C:\Java\jdk16\bin\jli.dll
0x00007ffdc6900000 - 0x00007ffdc69ae000 	C:\Windows\System32\ADVAPI32.dll
0x00007ffdc5e30000 - 0x00007ffdc5ece000 	C:\Windows\System32\msvcrt.dll
0x00007ffdc59a0000 - 0x00007ffdc5a3c000 	C:\Windows\System32\sechost.dll
0x00007ffdc5b70000 - 0x00007ffdc5c95000 	C:\Windows\System32\RPCRT4.dll
0x00007ffdc5fc0000 - 0x00007ffdc6161000 	C:\Windows\System32\USER32.dll
0x00007ffdc4100000 - 0x00007ffdc4122000 	C:\Windows\System32\win32u.dll
0x00007ffdc6820000 - 0x00007ffdc684b000 	C:\Windows\System32\GDI32.dll
0x00007ffdc4920000 - 0x00007ffdc4a2d000 	C:\Windows\System32\gdi32full.dll
0x00007ffdc4880000 - 0x00007ffdc491d000 	C:\Windows\System32\msvcp_win.dll
0x00007ffd91910000 - 0x00007ffd91929000 	C:\Java\jdk16\bin\VCRUNTIME140.dll
0x00007ffda6460000 - 0x00007ffda66fa000 	C:\Windows\WinSxS\amd64_microsoft.windows.common-controls_6595b64144ccf1df_6.0.19041.1110_none_60b5254171f9507e\COMCTL32.dll
0x00007ffdbaed0000 - 0x00007ffdbaeda000 	C:\Windows\SYSTEM32\VERSION.dll
0x00007ffdc6780000 - 0x00007ffdc67b0000 	C:\Windows\System32\IMM32.DLL
0x00007ffdbf9f0000 - 0x00007ffdbf9fc000 	C:\Java\jdk16\bin\vcruntime140_1.dll
0x00007ffd70a90000 - 0x00007ffd70b21000 	C:\Java\jdk16\bin\msvcp140.dll
0x00007ffd3b3c0000 - 0x00007ffd3bf6b000 	C:\Java\jdk16\bin\server\jvm.dll
0x00007ffdc5510000 - 0x00007ffdc5518000 	C:\Windows\System32\PSAPI.DLL
0x00007ffd96a60000 - 0x00007ffd96a69000 	C:\Windows\SYSTEM32\WSOCK32.dll
0x00007ffdc5ca0000 - 0x00007ffdc5d0b000 	C:\Windows\System32\WS2_32.dll
0x00007ffdb1c20000 - 0x00007ffdb1c47000 	C:\Windows\SYSTEM32\WINMM.dll
0x00007ffdc2040000 - 0x00007ffdc2052000 	C:\Windows\SYSTEM32\kernel.appcore.dll
0x00007ffdbeeb0000 - 0x00007ffdbeeba000 	C:\Java\jdk16\bin\jimage.dll
0x00007ffdc1ca0000 - 0x00007ffdc1e84000 	C:\Windows\SYSTEM32\DBGHELP.DLL
0x00007ffdba660000 - 0x00007ffdba68c000 	C:\Windows\SYSTEM32\dbgcore.DLL
0x00007ffdc4790000 - 0x00007ffdc4812000 	C:\Windows\System32\bcryptPrimitives.dll
0x00007ffd9fae0000 - 0x00007ffd9faee000 	C:\Java\jdk16\bin\instrument.dll
0x00007ffd8dd20000 - 0x00007ffd8dd45000 	C:\Java\jdk16\bin\java.dll

dbghelp: loaded successfully - version: 4.0.5 - missing functions: none
symbol engine: initialized successfully - sym options: 0x614 - pdb path: .;C:\Java\jdk16\bin;C:\Windows\SYSTEM32;C:\Windows\WinSxS\amd64_microsoft.windows.common-controls_6595b64144ccf1df_6.0.19041.1110_none_60b5254171f9507e;C:\Java\jdk16\bin\server

VM Arguments:
jvm_args: -Xms256m -Xmx2048m -XX:TieredStopAtLevel=1 -Xverify:none -Dspring.output.ansi.enabled=always -javaagent:C:\JetBrains\IntelliJ IDEA2021\lib\idea_rt.jar=59805:C:\JetBrains\IntelliJ IDEA2021\bin -Dcom.sun.management.jmxremote -Dspring.jmx.enabled=true -Dspring.liveBeansView.mbeanDomain -Dspring.application.admin.enabled=true -Dfile.encoding=UTF-8 
java_command: com.example.atmmanagementservice.ATMManagementServiceApplication
java_class_path (initial): C:\Armenia Project Full\atm-management-service\target\classes;C:\Users\Administrator\.m2\repository\org\springframework\boot\spring-boot-starter-data-jpa\2.6.3\spring-boot-starter-data-jpa-2.6.3.jar;C:\Users\Administrator\.m2\repository\org\springframework\boot\spring-boot-starter-jdbc\2.6.3\spring-boot-starter-jdbc-2.6.3.jar;C:\Users\Administrator\.m2\repository\com\zaxxer\HikariCP\4.0.3\HikariCP-4.0.3.jar;C:\Users\Administrator\.m2\repository\org\springframework\spring-jdbc\5.3.15\spring-jdbc-5.3.15.jar;C:\Users\Administrator\.m2\repository\jakarta\transaction\jakarta.transaction-api\1.3.3\jakarta.transaction-api-1.3.3.jar;C:\Users\Administrator\.m2\repository\jakarta\persistence\jakarta.persistence-api\2.2.3\jakarta.persistence-api-2.2.3.jar;C:\Users\Administrator\.m2\repository\org\hibernate\hibernate-core\5.6.4.Final\hibernate-core-5.6.4.Final.jar;C:\Users\Administrator\.m2\repository\org\jboss\logging\jboss-logging\3.4.3.Final\jboss-logging-3.4.3.Final.jar;C:\Users\Administrator\.m2\repository\net\bytebuddy\byte-buddy\1.11.22\byte-buddy-1.11.22.jar;C:\Users\Administrator\.m2\repository\antlr\antlr\2.7.7\antlr-2.7.7.jar;C:\Users\Administrator\.m2\repository\org\jboss\jandex\2.4.2.Final\jandex-2.4.2.Final.jar;C:\Users\Administrator\.m2\repository\com\fasterxml\classmate\1.5.1\classmate-1.5.1.jar;C:\Users\Administrator\.m2\repository\org\hibernate\common\hibernate-commons-annotations\5.1.2.Final\hibernate-commons-annotations-5.1.2.Final.jar;C:\Users\Administrator\.m2\repository\org\glassfish\jaxb\jaxb-runtime\2.3.5\jaxb-runtime-2.3.5.jar;C:\Users\Administrator\.m2\repository\org\glassfish\jaxb\txw2\2.3.5\txw2-2.3.5.jar;C:\Users\Administrator\.m2\repository\com\sun\istack\istack-commons-runtime\3.0.12\istack-commons-runtime-3.0.12.jar;C:\Users\Administrator\.m2\repository\org\springframework\data\spring-data-jpa\2.6.1\spring-data-jpa-2.6.1.jar;C:\Users\Administrator\.m2\repository\org\springframework\data\spring-data-commons\2.6.1\spri
Launcher Type: SUN_STANDARD

[Global flags]
     intx CICompilerCount                          = 3                                         {product} {ergonomic}
     uint ConcGCThreads                            = 1                                         {product} {ergonomic}
     uint G1ConcRefinementThreads                  = 4                                         {product} {ergonomic}
   size_t G1HeapRegionSize                         = 1048576                                   {product} {ergonomic}
    uintx GCDrainStackTargetSize                   = 64                                        {product} {ergonomic}
   size_t InitialHeapSize                          = 268435456                                 {product} {command line}
     bool ManagementServer                         = true                                      {product} {command line}
   size_t MarkStackSize                            = 4194304                                   {product} {ergonomic}
   size_t MaxHeapSize                              = 2147483648                                {product} {command line}
   size_t MinHeapDeltaBytes                        = 1048576                                   {product} {ergonomic}
   size_t MinHeapSize                              = 268435456                                 {product} {command line}
    uintx NonNMethodCodeHeapSize                   = 6973028                                {pd product} {ergonomic}
    uintx NonProfiledCodeHeapSize                  = 244685212                              {pd product} {ergonomic}
    uintx ProfiledCodeHeapSize                     = 0                                      {pd product} {ergonomic}
    uintx ReservedCodeCacheSize                    = 251658240                              {pd product} {ergonomic}
     bool SegmentedCodeCache                       = true                                      {product} {ergonomic}
   size_t SoftMaxHeapSize                          = 2147483648                             {manageable} {ergonomic}
     intx TieredStopAtLevel                        = 1                                         {product} {command line}
     bool UseCompressedClassPointers               = true                           {product lp64_product} {ergonomic}
     bool UseCompressedOops                        = true                           {product lp64_product} {ergonomic}
     bool UseG1GC                                  = true                                      {product} {ergonomic}
     bool UseLargePagesIndividualAllocation        = false                                  {pd product} {ergonomic}

Logging:
Log output configuration:
 #0: stdout all=warning uptime,level,tags
 #1: stderr all=off uptime,level,tags

Environment Variables:
JAVA_HOME=C:\Java\jdk16
PATH=C:\Program Files\Common Files\Oracle\Java\javapath;C:\Windows\system32;C:\Windows;C:\Windows\System32\Wbem;C:\Windows\System32\WindowsPowerShell\v1.0\;C:\Windows\System32\OpenSSH\;C:\Java\jdk16\bin;C:\tomcat-9\bin;C:\nodejs\;C:\Git\cmd;C:\Users\Administrator\.m2;C:\apache-maven\bin;C:\minikube;C:\kubernetis\kubectl.exe;C:\minikube\minikube.exe;;C:\Program Files\Geth;C:\ETH;C:\Program Files\Docker\Docker\resources\bin;C:\ProgramData\DockerDesktop\version-bin;C:\Program Files\Amazon\AWSCLIV2\;C:\Users\Administrator\AppData\Local\Microsoft\WindowsApps;C:\JetBrains\IntelliJ IDEA2021\bin;;C:\Users\Administrator\AppData\Roaming\npm;C:\Users\Administrator\.m2;
USERNAME=Administrator
OS=Windows_NT
PROCESSOR_IDENTIFIER=Intel64 Family 6 Model 69 Stepping 1, GenuineIntel



---------------  S Y S T E M  ---------------

OS:
 Windows 10 , 64 bit Build 19041 (10.0.19041.1466)
OS uptime: 0 days 1:13 hours
Hyper-V role detected

CPU: total 4 (initial active 4) (2 cores per cpu, 2 threads per core) family 6 model 69 stepping 1 microcode 0x25, cx8, cmov, fxsr, ht, mmx, sse, sse2, sse3, ssse3, sse4.1, sse4.2, popcnt, lzcnt, tsc, tscinvbit, avx, avx2, aes, erms, clmul, bmi1, bmi2, fma, vzeroupper, clflush, hv

Memory: 4k page, system-wide physical 8122M (550M free)
TotalPageFile size 16218M (AvailPageFile size 165M)
current process WorkingSet (physical memory assigned to process): 10M, peak: 10M
current process commit charge ("private bytes"): 49M, peak: 305M

vm_info: Java HotSpot(TM) 64-Bit Server VM (16.0.2+7-67) for windows-amd64 JRE (16.0.2+7-67), built on Jun  8 2021 23:24:19 by "mach5one" with MS VC++ 16.7 (VS2019)

END.
